<?xml version="1.0" encoding="UTF-8"?>
<!-- Generated by org.testng.reporters.JUnitXMLReporter -->
<testsuite ignored="0" hostname="TYSS-Sumanth-Chinivar" failures="10" tests="10" name="Default test" time="1.028" errors="0" timestamp="2024-10-25T14:28:25 IST">
  <testcase classname="io.cucumber.testng.AbstractTestNGCucumberTests" name="runScenario" time="0.231">
    <failure type="java.lang.NullPointerException">
      <![CDATA[java.lang.NullPointerException
at stepDefinition.LoginLogout.browser_is_launched_and_url_is_navigated(LoginLogout.java:28)
at ✽.Browser is launched and url is navigated(file:///C:/Users/user/eclipse-workspace/LearningBDDFrameWork2/./src/test/resources/featureFiles/LoginLogout.feature:5)
]]>
    </failure>
  </testcase> <!-- runScenario -->
  <testcase classname="io.cucumber.testng.AbstractTestNGCucumberTests" name="runScenario" time="0.231">
    <failure type="java.lang.NullPointerException">
      <![CDATA[java.lang.NullPointerException
at stepDefinition.LoginLogout.browser_is_launched_and_url_is_navigated(LoginLogout.java:28)
at ✽.Browser is launched and url is navigated(file:///C:/Users/user/eclipse-workspace/LearningBDDFrameWork2/./src/test/resources/featureFiles/BuyProduct.feature:5)
]]>
    </failure>
  </testcase> <!-- runScenario -->
  <testcase classname="io.cucumber.testng.AbstractTestNGCucumberTests" name="runScenario" time="0.231">
    <failure type="java.lang.NullPointerException">
      <![CDATA[java.lang.NullPointerException
at stepDefinition.LoginLogout.browser_is_launched_and_url_is_navigated(LoginLogout.java:28)
at ✽.Browser is launched and url is navigated(file:///C:/Users/user/eclipse-workspace/LearningBDDFrameWork2/./src/test/resources/featureFiles/Cart.feature:5)
]]>
    </failure>
  </testcase> <!-- runScenario -->
  <testcase classname="io.cucumber.testng.AbstractTestNGCucumberTests" name="runScenario" time="0.033">
    <failure type="java.lang.NullPointerException">
      <![CDATA[java.lang.NullPointerException
at stepDefinition.LoginLogout.browser_is_launched_and_url_is_navigated(LoginLogout.java:28)
at ✽.Browser is launched and url is navigated(file:///C:/Users/user/eclipse-workspace/LearningBDDFrameWork2/./src/test/resources/featureFiles/SortAlphabeticallyInAscendingOrder.feature:5)
]]>
    </failure>
  </testcase> <!-- runScenario -->
  <testcase classname="io.cucumber.testng.AbstractTestNGCucumberTests" name="runScenario" time="0.032">
    <failure type="java.lang.NullPointerException">
      <![CDATA[java.lang.NullPointerException
at stepDefinition.LoginLogout.browser_is_launched_and_url_is_navigated(LoginLogout.java:28)
at ✽.Browser is launched and url is navigated(file:///C:/Users/user/eclipse-workspace/LearningBDDFrameWork2/./src/test/resources/featureFiles/SortAlphabeticallyInDescendingOrder.feature:5)
]]>
    </failure>
  </testcase> <!-- runScenario -->
  <testcase classname="io.cucumber.testng.AbstractTestNGCucumberTests" name="runScenario" time="0.033">
    <failure type="java.lang.NullPointerException">
      <![CDATA[java.lang.NullPointerException
at stepDefinition.LoginLogout.browser_is_launched_and_url_is_navigated(LoginLogout.java:28)
at ✽.Browser is launched and url is navigated(file:///C:/Users/user/eclipse-workspace/LearningBDDFrameWork2/./src/test/resources/featureFiles/ValidLoginCredentials.feature:5)
]]>
    </failure>
  </testcase> <!-- runScenario -->
  <testcase classname="io.cucumber.testng.AbstractTestNGCucumberTests" name="runScenario" time="0.016">
    <failure type="java.lang.NullPointerException">
      <![CDATA[java.lang.NullPointerException
at stepDefinition.LoginLogout.browser_is_launched_and_url_is_navigated(LoginLogout.java:28)
at ✽.Browser is launched and url is navigated(file:///C:/Users/user/eclipse-workspace/LearningBDDFrameWork2/./src/test/resources/featureFiles/ValidLoginCredentials.feature:5)
]]>
    </failure>
  </testcase> <!-- runScenario -->
  <testcase classname="io.cucumber.testng.AbstractTestNGCucumberTests" name="runScenario" time="0.016">
    <failure type="java.lang.NullPointerException">
      <![CDATA[java.lang.NullPointerException
at stepDefinition.LoginLogout.browser_is_launched_and_url_is_navigated(LoginLogout.java:28)
at ✽.Browser is launched and url is navigated(file:///C:/Users/user/eclipse-workspace/LearningBDDFrameWork2/./src/test/resources/featureFiles/ValidLoginCredentials.feature:5)
]]>
    </failure>
  </testcase> <!-- runScenario -->
  <testcase classname="io.cucumber.testng.AbstractTestNGCucumberTests" name="runScenario" time="0.019">
    <failure type="java.lang.NullPointerException">
      <![CDATA[java.lang.NullPointerException
at stepDefinition.LoginLogout.browser_is_launched_and_url_is_navigated(LoginLogout.java:28)
at ✽.Browser is launched and url is navigated(file:///C:/Users/user/eclipse-workspace/LearningBDDFrameWork2/./src/test/resources/featureFiles/ValidLoginCredentials.feature:5)
]]>
    </failure>
  </testcase> <!-- runScenario -->
  <testcase classname="io.cucumber.testng.AbstractTestNGCucumberTests" name="runScenario" time="0.01">
    <failure type="java.lang.NullPointerException">
      <![CDATA[java.lang.NullPointerException
at stepDefinition.LoginLogout.browser_is_launched_and_url_is_navigated(LoginLogout.java:28)
at ✽.Browser is launched and url is navigated(file:///C:/Users/user/eclipse-workspace/LearningBDDFrameWork2/./src/test/resources/featureFiles/ValidLoginCredentials.feature:5)
]]>
    </failure>
  </testcase> <!-- runScenario -->
</testsuite> <!-- Default test -->
