<?xml version="1.0" encoding="UTF-8"?>
<testng-results ignored="0" total="10" passed="0" failed="10" skipped="0">
  <reporter-output>
  </reporter-output>
  <suite started-at="2024-10-25T14:28:24 IST" name="Default suite" finished-at="2024-10-25T14:28:25 IST" duration-ms="1028">
    <groups>
      <group name="cucumber">
        <method signature="AbstractTestNGCucumberTests.runScenario(io.cucumber.testng.PickleWrapper,io.cucumber.testng.FeatureWrapper)[pri:0, instance:runners.CucumberRunner@19e4653c]" name="runScenario" class="io.cucumber.testng.AbstractTestNGCucumberTests"/>
      </group> <!-- cucumber -->
    </groups>
    <test started-at="2024-10-25T14:28:24 IST" name="Default test" finished-at="2024-10-25T14:28:25 IST" duration-ms="1028">
      <class name="runners.CucumberRunner">
        <test-method is-config="true" signature="setUpClass(org.testng.ITestContext)[pri:0, instance:runners.CucumberRunner@19e4653c]" started-at="2024-10-25T14:28:24 IST" name="setUpClass" finished-at="2024-10-25T14:28:24 IST" duration-ms="405" status="PASS">
          <params>
            <param index="0">
              <value>
                <![CDATA[org.testng.TestRunner@37095ded]]>
              </value>
            </param>
          </params>
          <reporter-output>
          </reporter-output>
        </test-method> <!-- setUpClass -->
        <test-method signature="runScenario(io.cucumber.testng.PickleWrapper,io.cucumber.testng.FeatureWrapper)[pri:0, instance:runners.CucumberRunner@19e4653c]" started-at="2024-10-25T14:28:24 IST" name="runScenario" description="Runs Cucumber Scenarios" data-provider="scenarios" finished-at="2024-10-25T14:28:24 IST" duration-ms="231" status="FAIL">
          <params>
            <param index="0">
              <value>
                <![CDATA["Verify user is able login and logout"]]>
              </value>
            </param>
            <param index="1">
              <value>
                <![CDATA["LoginLogout"]]>
              </value>
            </param>
          </params>
          <exception class="java.lang.NullPointerException">
            <full-stacktrace>
              <![CDATA[java.lang.NullPointerException
at stepDefinition.LoginLogout.browser_is_launched_and_url_is_navigated(LoginLogout.java:28)
at ✽.Browser is launched and url is navigated(file:///C:/Users/user/eclipse-workspace/LearningBDDFrameWork2/./src/test/resources/featureFiles/LoginLogout.feature:5)
]]>
            </full-stacktrace>
          </exception> <!-- java.lang.NullPointerException -->
          <reporter-output>
          </reporter-output>
        </test-method> <!-- runScenario -->
        <test-method signature="runScenario(io.cucumber.testng.PickleWrapper,io.cucumber.testng.FeatureWrapper)[pri:0, instance:runners.CucumberRunner@19e4653c]" started-at="2024-10-25T14:28:24 IST" name="runScenario" description="Runs Cucumber Scenarios" data-provider="scenarios" finished-at="2024-10-25T14:28:24 IST" duration-ms="231" status="FAIL">
          <params>
            <param index="0">
              <value>
                <![CDATA["Verify user is able to add a product to the cart"]]>
              </value>
            </param>
            <param index="1">
              <value>
                <![CDATA["Add to cart"]]>
              </value>
            </param>
          </params>
          <exception class="java.lang.NullPointerException">
            <full-stacktrace>
              <![CDATA[java.lang.NullPointerException
at stepDefinition.LoginLogout.browser_is_launched_and_url_is_navigated(LoginLogout.java:28)
at ✽.Browser is launched and url is navigated(file:///C:/Users/user/eclipse-workspace/LearningBDDFrameWork2/./src/test/resources/featureFiles/Cart.feature:5)
]]>
            </full-stacktrace>
          </exception> <!-- java.lang.NullPointerException -->
          <reporter-output>
          </reporter-output>
        </test-method> <!-- runScenario -->
        <test-method signature="runScenario(io.cucumber.testng.PickleWrapper,io.cucumber.testng.FeatureWrapper)[pri:0, instance:runners.CucumberRunner@19e4653c]" started-at="2024-10-25T14:28:24 IST" name="runScenario" description="Runs Cucumber Scenarios" data-provider="scenarios" finished-at="2024-10-25T14:28:24 IST" duration-ms="231" status="FAIL">
          <params>
            <param index="0">
              <value>
                <![CDATA["Verify user is able to buy a product"]]>
              </value>
            </param>
            <param index="1">
              <value>
                <![CDATA["BuyProduct"]]>
              </value>
            </param>
          </params>
          <exception class="java.lang.NullPointerException">
            <full-stacktrace>
              <![CDATA[java.lang.NullPointerException
at stepDefinition.LoginLogout.browser_is_launched_and_url_is_navigated(LoginLogout.java:28)
at ✽.Browser is launched and url is navigated(file:///C:/Users/user/eclipse-workspace/LearningBDDFrameWork2/./src/test/resources/featureFiles/BuyProduct.feature:5)
]]>
            </full-stacktrace>
          </exception> <!-- java.lang.NullPointerException -->
          <reporter-output>
          </reporter-output>
        </test-method> <!-- runScenario -->
        <test-method signature="runScenario(io.cucumber.testng.PickleWrapper,io.cucumber.testng.FeatureWrapper)[pri:0, instance:runners.CucumberRunner@19e4653c]" started-at="2024-10-25T14:28:24 IST" name="runScenario" description="Runs Cucumber Scenarios" data-provider="scenarios" finished-at="2024-10-25T14:28:24 IST" duration-ms="33" status="FAIL">
          <params>
            <param index="0">
              <value>
                <![CDATA["Verify user is able to sort the values based on alphabets in ascending order"]]>
              </value>
            </param>
            <param index="1">
              <value>
                <![CDATA["SortAlphabeticallyInAscendingOrder"]]>
              </value>
            </param>
          </params>
          <exception class="java.lang.NullPointerException">
            <full-stacktrace>
              <![CDATA[java.lang.NullPointerException
at stepDefinition.LoginLogout.browser_is_launched_and_url_is_navigated(LoginLogout.java:28)
at ✽.Browser is launched and url is navigated(file:///C:/Users/user/eclipse-workspace/LearningBDDFrameWork2/./src/test/resources/featureFiles/SortAlphabeticallyInAscendingOrder.feature:5)
]]>
            </full-stacktrace>
          </exception> <!-- java.lang.NullPointerException -->
          <reporter-output>
          </reporter-output>
        </test-method> <!-- runScenario -->
        <test-method signature="runScenario(io.cucumber.testng.PickleWrapper,io.cucumber.testng.FeatureWrapper)[pri:0, instance:runners.CucumberRunner@19e4653c]" started-at="2024-10-25T14:28:24 IST" name="runScenario" description="Runs Cucumber Scenarios" data-provider="scenarios" finished-at="2024-10-25T14:28:24 IST" duration-ms="32" status="FAIL">
          <params>
            <param index="0">
              <value>
                <![CDATA["Verify user is able to sort the values based on alphabets in ascending order"]]>
              </value>
            </param>
            <param index="1">
              <value>
                <![CDATA["SortAlphabeticallyInAscendingOrder"]]>
              </value>
            </param>
          </params>
          <exception class="java.lang.NullPointerException">
            <full-stacktrace>
              <![CDATA[java.lang.NullPointerException
at stepDefinition.LoginLogout.browser_is_launched_and_url_is_navigated(LoginLogout.java:28)
at ✽.Browser is launched and url is navigated(file:///C:/Users/user/eclipse-workspace/LearningBDDFrameWork2/./src/test/resources/featureFiles/SortAlphabeticallyInDescendingOrder.feature:5)
]]>
            </full-stacktrace>
          </exception> <!-- java.lang.NullPointerException -->
          <reporter-output>
          </reporter-output>
        </test-method> <!-- runScenario -->
        <test-method signature="runScenario(io.cucumber.testng.PickleWrapper,io.cucumber.testng.FeatureWrapper)[pri:0, instance:runners.CucumberRunner@19e4653c]" started-at="2024-10-25T14:28:24 IST" name="runScenario" description="Runs Cucumber Scenarios" data-provider="scenarios" finished-at="2024-10-25T14:28:24 IST" duration-ms="33" status="FAIL">
          <params>
            <param index="0">
              <value>
                <![CDATA["Verify user is able to login using valid credentials"]]>
              </value>
            </param>
            <param index="1">
              <value>
                <![CDATA["ValidLoginCredentials"]]>
              </value>
            </param>
          </params>
          <exception class="java.lang.NullPointerException">
            <full-stacktrace>
              <![CDATA[java.lang.NullPointerException
at stepDefinition.LoginLogout.browser_is_launched_and_url_is_navigated(LoginLogout.java:28)
at ✽.Browser is launched and url is navigated(file:///C:/Users/user/eclipse-workspace/LearningBDDFrameWork2/./src/test/resources/featureFiles/ValidLoginCredentials.feature:5)
]]>
            </full-stacktrace>
          </exception> <!-- java.lang.NullPointerException -->
          <reporter-output>
          </reporter-output>
        </test-method> <!-- runScenario -->
        <test-method signature="runScenario(io.cucumber.testng.PickleWrapper,io.cucumber.testng.FeatureWrapper)[pri:0, instance:runners.CucumberRunner@19e4653c]" started-at="2024-10-25T14:28:24 IST" name="runScenario" description="Runs Cucumber Scenarios" data-provider="scenarios" finished-at="2024-10-25T14:28:24 IST" duration-ms="16" status="FAIL">
          <params>
            <param index="0">
              <value>
                <![CDATA["Verify user is able to login using valid credentials"]]>
              </value>
            </param>
            <param index="1">
              <value>
                <![CDATA["ValidLoginCredentials"]]>
              </value>
            </param>
          </params>
          <exception class="java.lang.NullPointerException">
            <full-stacktrace>
              <![CDATA[java.lang.NullPointerException
at stepDefinition.LoginLogout.browser_is_launched_and_url_is_navigated(LoginLogout.java:28)
at ✽.Browser is launched and url is navigated(file:///C:/Users/user/eclipse-workspace/LearningBDDFrameWork2/./src/test/resources/featureFiles/ValidLoginCredentials.feature:5)
]]>
            </full-stacktrace>
          </exception> <!-- java.lang.NullPointerException -->
          <reporter-output>
          </reporter-output>
        </test-method> <!-- runScenario -->
        <test-method signature="runScenario(io.cucumber.testng.PickleWrapper,io.cucumber.testng.FeatureWrapper)[pri:0, instance:runners.CucumberRunner@19e4653c]" started-at="2024-10-25T14:28:24 IST" name="runScenario" description="Runs Cucumber Scenarios" data-provider="scenarios" finished-at="2024-10-25T14:28:24 IST" duration-ms="16" status="FAIL">
          <params>
            <param index="0">
              <value>
                <![CDATA["Verify user is able to login using valid credentials"]]>
              </value>
            </param>
            <param index="1">
              <value>
                <![CDATA["ValidLoginCredentials"]]>
              </value>
            </param>
          </params>
          <exception class="java.lang.NullPointerException">
            <full-stacktrace>
              <![CDATA[java.lang.NullPointerException
at stepDefinition.LoginLogout.browser_is_launched_and_url_is_navigated(LoginLogout.java:28)
at ✽.Browser is launched and url is navigated(file:///C:/Users/user/eclipse-workspace/LearningBDDFrameWork2/./src/test/resources/featureFiles/ValidLoginCredentials.feature:5)
]]>
            </full-stacktrace>
          </exception> <!-- java.lang.NullPointerException -->
          <reporter-output>
          </reporter-output>
        </test-method> <!-- runScenario -->
        <test-method signature="runScenario(io.cucumber.testng.PickleWrapper,io.cucumber.testng.FeatureWrapper)[pri:0, instance:runners.CucumberRunner@19e4653c]" started-at="2024-10-25T14:28:24 IST" name="runScenario" description="Runs Cucumber Scenarios" data-provider="scenarios" finished-at="2024-10-25T14:28:24 IST" duration-ms="19" status="FAIL">
          <params>
            <param index="0">
              <value>
                <![CDATA["Verify user is able to login using valid credentials"]]>
              </value>
            </param>
            <param index="1">
              <value>
                <![CDATA["ValidLoginCredentials"]]>
              </value>
            </param>
          </params>
          <exception class="java.lang.NullPointerException">
            <full-stacktrace>
              <![CDATA[java.lang.NullPointerException
at stepDefinition.LoginLogout.browser_is_launched_and_url_is_navigated(LoginLogout.java:28)
at ✽.Browser is launched and url is navigated(file:///C:/Users/user/eclipse-workspace/LearningBDDFrameWork2/./src/test/resources/featureFiles/ValidLoginCredentials.feature:5)
]]>
            </full-stacktrace>
          </exception> <!-- java.lang.NullPointerException -->
          <reporter-output>
          </reporter-output>
        </test-method> <!-- runScenario -->
        <test-method signature="runScenario(io.cucumber.testng.PickleWrapper,io.cucumber.testng.FeatureWrapper)[pri:0, instance:runners.CucumberRunner@19e4653c]" started-at="2024-10-25T14:28:24 IST" name="runScenario" description="Runs Cucumber Scenarios" data-provider="scenarios" finished-at="2024-10-25T14:28:24 IST" duration-ms="10" status="FAIL">
          <params>
            <param index="0">
              <value>
                <![CDATA["Verify user is able to login using valid credentials"]]>
              </value>
            </param>
            <param index="1">
              <value>
                <![CDATA["ValidLoginCredentials"]]>
              </value>
            </param>
          </params>
          <exception class="java.lang.NullPointerException">
            <full-stacktrace>
              <![CDATA[java.lang.NullPointerException
at stepDefinition.LoginLogout.browser_is_launched_and_url_is_navigated(LoginLogout.java:28)
at ✽.Browser is launched and url is navigated(file:///C:/Users/user/eclipse-workspace/LearningBDDFrameWork2/./src/test/resources/featureFiles/ValidLoginCredentials.feature:5)
]]>
            </full-stacktrace>
          </exception> <!-- java.lang.NullPointerException -->
          <reporter-output>
          </reporter-output>
        </test-method> <!-- runScenario -->
        <test-method is-config="true" signature="tearDownClass()[pri:0, instance:runners.CucumberRunner@19e4653c]" started-at="2024-10-25T14:28:24 IST" name="tearDownClass" finished-at="2024-10-25T14:28:25 IST" duration-ms="290" status="PASS">
          <reporter-output>
          </reporter-output>
        </test-method> <!-- tearDownClass -->
      </class> <!-- runners.CucumberRunner -->
    </test> <!-- Default test -->
  </suite> <!-- Default suite -->
</testng-results>
